<?xml version="1.0" encoding="UTF-8"?>
<testsuite name="com.yjh.book.springboot.web.PostsApiControllerTest" tests="2" skipped="0" failures="0" errors="0" timestamp="2020-10-28T06:54:09" hostname="LAPTOP-HQE9AN8G" time="0.12">
  <properties/>
  <testcase name="Posts_등록된다" classname="com.yjh.book.springboot.web.PostsApiControllerTest" time="0.085"/>
  <testcase name="Posts_수정된다" classname="com.yjh.book.springboot.web.PostsApiControllerTest" time="0.034"/>
  <system-out><![CDATA[2020-10-28 15:54:09.033  INFO 24520 --- [    Test worker] .b.t.c.SpringBootTestContextBootstrapper : Neither @ContextConfiguration nor @ContextHierarchy found for test class [com.yjh.book.springboot.web.PostsApiControllerTest], using SpringBootContextLoader
2020-10-28 15:54:09.034  INFO 24520 --- [    Test worker] o.s.t.c.support.AbstractContextLoader    : Could not detect default resource locations for test class [com.yjh.book.springboot.web.PostsApiControllerTest]: no resource found for suffixes {-context.xml, Context.groovy}.
2020-10-28 15:54:09.034  INFO 24520 --- [    Test worker] t.c.s.AnnotationConfigContextLoaderUtils : Could not detect default configuration classes for test class [com.yjh.book.springboot.web.PostsApiControllerTest]: PostsApiControllerTest does not declare any static, non-private, non-final, nested classes annotated with @Configuration.
2020-10-28 15:54:09.037  INFO 24520 --- [    Test worker] .b.t.c.SpringBootTestContextBootstrapper : Found @SpringBootConfiguration com.yjh.book.springboot.Application for test class com.yjh.book.springboot.web.PostsApiControllerTest
2020-10-28 15:54:09.039  INFO 24520 --- [    Test worker] .b.t.c.SpringBootTestContextBootstrapper : Loaded default TestExecutionListener class names from location [META-INF/spring.factories]: [org.springframework.security.test.context.support.WithSecurityContextTestExecutionListener, org.springframework.security.test.context.support.ReactorContextTestExecutionListener, org.springframework.boot.test.autoconfigure.restdocs.RestDocsTestExecutionListener, org.springframework.boot.test.autoconfigure.web.client.MockRestServiceServerResetTestExecutionListener, org.springframework.boot.test.autoconfigure.web.servlet.MockMvcPrintOnlyOnFailureTestExecutionListener, org.springframework.boot.test.autoconfigure.web.servlet.WebDriverTestExecutionListener, org.springframework.boot.test.mock.mockito.MockitoTestExecutionListener, org.springframework.boot.test.mock.mockito.ResetMocksTestExecutionListener, org.springframework.test.context.web.ServletTestExecutionListener, org.springframework.test.context.support.DirtiesContextBeforeModesTestExecutionListener, org.springframework.test.context.support.DependencyInjectionTestExecutionListener, org.springframework.test.context.support.DirtiesContextTestExecutionListener, org.springframework.test.context.transaction.TransactionalTestExecutionListener, org.springframework.test.context.jdbc.SqlScriptsTestExecutionListener]
2020-10-28 15:54:09.041  INFO 24520 --- [    Test worker] .b.t.c.SpringBootTestContextBootstrapper : Using TestExecutionListeners: [org.springframework.test.context.web.ServletTestExecutionListener@7e68b762, org.springframework.test.context.support.DirtiesContextBeforeModesTestExecutionListener@15ef0f6a, org.springframework.boot.test.mock.mockito.MockitoTestExecutionListener@2fcff219, org.springframework.boot.test.autoconfigure.SpringBootDependencyInjectionTestExecutionListener@48d6e9ae, org.springframework.test.context.support.DirtiesContextTestExecutionListener@733e8471, org.springframework.test.context.transaction.TransactionalTestExecutionListener@1e475123, org.springframework.test.context.jdbc.SqlScriptsTestExecutionListener@4e4837c8, org.springframework.security.test.context.support.WithSecurityContextTestExecutionListener@31ac3c36, org.springframework.security.test.context.support.ReactorContextTestExecutionListener@36b62b7e, org.springframework.boot.test.autoconfigure.restdocs.RestDocsTestExecutionListener@125caac2, org.springframework.boot.test.autoconfigure.web.client.MockRestServiceServerResetTestExecutionListener@1da52936, org.springframework.boot.test.autoconfigure.web.servlet.MockMvcPrintOnlyOnFailureTestExecutionListener@4db8eb38, org.springframework.boot.test.autoconfigure.web.servlet.WebDriverTestExecutionListener@4ad2d42a, org.springframework.boot.test.mock.mockito.ResetMocksTestExecutionListener@3d2f7d08]
2020-10-28 15:54:09.052  INFO 24520 --- [    Test worker] o.a.c.c.C.[Tomcat].[localhost].[/]       : Initializing Spring TestDispatcherServlet ''
2020-10-28 15:54:09.052  INFO 24520 --- [    Test worker] o.s.t.web.servlet.TestDispatcherServlet  : Initializing Servlet ''
2020-10-28 15:54:09.055  INFO 24520 --- [    Test worker] o.s.t.web.servlet.TestDispatcherServlet  : Completed initialization in 3 ms
Hibernate: insert into posts (created_date, modified_date, author, content, title) values (?, ?, ?, ?, ?)
Hibernate: select posts0_.id as id1_0_, posts0_.created_date as created_2_0_, posts0_.modified_date as modified3_0_, posts0_.author as author4_0_, posts0_.content as content5_0_, posts0_.title as title6_0_ from posts posts0_
Hibernate: select posts0_.id as id1_0_, posts0_.created_date as created_2_0_, posts0_.modified_date as modified3_0_, posts0_.author as author4_0_, posts0_.content as content5_0_, posts0_.title as title6_0_ from posts posts0_
Hibernate: delete from posts where id=?
2020-10-28 15:54:09.132  INFO 24520 --- [    Test worker] o.a.c.c.C.[Tomcat].[localhost].[/]       : Initializing Spring TestDispatcherServlet ''
2020-10-28 15:54:09.133  INFO 24520 --- [    Test worker] o.s.t.web.servlet.TestDispatcherServlet  : Initializing Servlet ''
2020-10-28 15:54:09.134  INFO 24520 --- [    Test worker] o.s.t.web.servlet.TestDispatcherServlet  : Completed initialization in 1 ms
Hibernate: insert into posts (created_date, modified_date, author, content, title) values (?, ?, ?, ?, ?)
Hibernate: select posts0_.id as id1_0_0_, posts0_.created_date as created_2_0_0_, posts0_.modified_date as modified3_0_0_, posts0_.author as author4_0_0_, posts0_.content as content5_0_0_, posts0_.title as title6_0_0_ from posts posts0_ where posts0_.id=?
Hibernate: update posts set created_date=?, modified_date=?, author=?, content=?, title=? where id=?
Hibernate: select posts0_.id as id1_0_, posts0_.created_date as created_2_0_, posts0_.modified_date as modified3_0_, posts0_.author as author4_0_, posts0_.content as content5_0_, posts0_.title as title6_0_ from posts posts0_
Hibernate: select posts0_.id as id1_0_, posts0_.created_date as created_2_0_, posts0_.modified_date as modified3_0_, posts0_.author as author4_0_, posts0_.content as content5_0_, posts0_.title as title6_0_ from posts posts0_
Hibernate: delete from posts where id=?
]]></system-out>
  <system-err><![CDATA[]]></system-err>
</testsuite>
