<?xml version="1.0" encoding="UTF-8"?>
<testsuite name="com.yjh.book.springboot.web.HelloControllerTest" tests="2" skipped="0" failures="0" errors="0" timestamp="2020-10-28T06:54:05" hostname="LAPTOP-HQE9AN8G" time="0.227">
  <properties/>
  <testcase name="hello가_리턴된다" classname="com.yjh.book.springboot.web.HelloControllerTest" time="0.105"/>
  <testcase name="helloDto가_리턴된다" classname="com.yjh.book.springboot.web.HelloControllerTest" time="0.121"/>
  <system-out><![CDATA[2020-10-28 15:54:03.739  INFO 24520 --- [    Test worker] .b.t.a.w.s.WebMvcTestContextBootstrapper : Neither @ContextConfiguration nor @ContextHierarchy found for test class [com.yjh.book.springboot.web.HelloControllerTest], using SpringBootContextLoader
2020-10-28 15:54:03.740  INFO 24520 --- [    Test worker] o.s.t.c.support.AbstractContextLoader    : Could not detect default resource locations for test class [com.yjh.book.springboot.web.HelloControllerTest]: no resource found for suffixes {-context.xml, Context.groovy}.
2020-10-28 15:54:03.741  INFO 24520 --- [    Test worker] t.c.s.AnnotationConfigContextLoaderUtils : Could not detect default configuration classes for test class [com.yjh.book.springboot.web.HelloControllerTest]: HelloControllerTest does not declare any static, non-private, non-final, nested classes annotated with @Configuration.
2020-10-28 15:54:03.772  INFO 24520 --- [    Test worker] .b.t.c.SpringBootTestContextBootstrapper : Found @SpringBootConfiguration com.yjh.book.springboot.Application for test class com.yjh.book.springboot.web.HelloControllerTest
2020-10-28 15:54:03.772  INFO 24520 --- [    Test worker] .b.t.a.w.s.WebMvcTestContextBootstrapper : Loaded default TestExecutionListener class names from location [META-INF/spring.factories]: [org.springframework.security.test.context.support.WithSecurityContextTestExecutionListener, org.springframework.security.test.context.support.ReactorContextTestExecutionListener, org.springframework.boot.test.autoconfigure.restdocs.RestDocsTestExecutionListener, org.springframework.boot.test.autoconfigure.web.client.MockRestServiceServerResetTestExecutionListener, org.springframework.boot.test.autoconfigure.web.servlet.MockMvcPrintOnlyOnFailureTestExecutionListener, org.springframework.boot.test.autoconfigure.web.servlet.WebDriverTestExecutionListener, org.springframework.boot.test.mock.mockito.MockitoTestExecutionListener, org.springframework.boot.test.mock.mockito.ResetMocksTestExecutionListener, org.springframework.test.context.web.ServletTestExecutionListener, org.springframework.test.context.support.DirtiesContextBeforeModesTestExecutionListener, org.springframework.test.context.support.DependencyInjectionTestExecutionListener, org.springframework.test.context.support.DirtiesContextTestExecutionListener, org.springframework.test.context.transaction.TransactionalTestExecutionListener, org.springframework.test.context.jdbc.SqlScriptsTestExecutionListener]
2020-10-28 15:54:03.774  INFO 24520 --- [    Test worker] .b.t.a.w.s.WebMvcTestContextBootstrapper : Using TestExecutionListeners: [org.springframework.test.context.web.ServletTestExecutionListener@6e29c355, org.springframework.test.context.support.DirtiesContextBeforeModesTestExecutionListener@45d9357, org.springframework.boot.test.mock.mockito.MockitoTestExecutionListener@6e45f438, org.springframework.boot.test.autoconfigure.SpringBootDependencyInjectionTestExecutionListener@617d4e9e, org.springframework.test.context.support.DirtiesContextTestExecutionListener@41ee0a8f, org.springframework.test.context.transaction.TransactionalTestExecutionListener@29c1eece, org.springframework.test.context.jdbc.SqlScriptsTestExecutionListener@68642bfa, org.springframework.security.test.context.support.WithSecurityContextTestExecutionListener@636681d6, org.springframework.security.test.context.support.ReactorContextTestExecutionListener@52ed5547, org.springframework.boot.test.autoconfigure.restdocs.RestDocsTestExecutionListener@74fc664a, org.springframework.boot.test.autoconfigure.web.client.MockRestServiceServerResetTestExecutionListener@3d0ea8d4, org.springframework.boot.test.autoconfigure.web.servlet.MockMvcPrintOnlyOnFailureTestExecutionListener@6ab1e692, org.springframework.boot.test.autoconfigure.web.servlet.WebDriverTestExecutionListener@524ec1ee, org.springframework.boot.test.mock.mockito.ResetMocksTestExecutionListener@451723db]

  .   ____          _            __ _ _
 /\\ / ___'_ __ _ _(_)_ __  __ _ \ \ \ \
( ( )\___ | '_ | '_| | '_ \/ _` | \ \ \ \
 \\/  ___)| |_)| | | | | || (_| |  ) ) ) )
  '  |____| .__|_| |_|_| |_\__, | / / / /
 =========|_|==============|___/=/_/_/_/
 :: Spring Boot ::        (v2.1.9.RELEASE)

2020-10-28 15:54:03.825  INFO 24520 --- [    Test worker] c.y.b.s.web.HelloControllerTest          : Starting HelloControllerTest on LAPTOP-HQE9AN8G with PID 24520 (started by YoonJiHwan in C:\Users\윤지환\OneDrive\바탕 화면\4학년 강의\2학기\실습\springboot-web)
2020-10-28 15:54:03.827  INFO 24520 --- [    Test worker] c.y.b.s.web.HelloControllerTest          : No active profile set, falling back to default profiles: default
2020-10-28 15:54:04.536  INFO 24520 --- [    Test worker] o.s.s.concurrent.ThreadPoolTaskExecutor  : Initializing ExecutorService 'applicationTaskExecutor'
2020-10-28 15:54:04.586  INFO 24520 --- [    Test worker] o.s.b.a.w.s.WelcomePageHandlerMapping    : Adding welcome page template: index
2020-10-28 15:54:04.929  INFO 24520 --- [    Test worker] .s.s.UserDetailsServiceAutoConfiguration : 

Using generated security password: a20f1fa9-0a20-40d2-a228-6435add68a4b

2020-10-28 15:54:05.173  INFO 24520 --- [    Test worker] o.s.s.web.DefaultSecurityFilterChain     : Creating filter chain: any request, [org.springframework.security.web.context.request.async.WebAsyncManagerIntegrationFilter@4c559573, org.springframework.security.web.context.SecurityContextPersistenceFilter@5e943db, org.springframework.security.web.header.HeaderWriterFilter@21d31840, org.springframework.security.web.csrf.CsrfFilter@169e4561, org.springframework.security.web.authentication.logout.LogoutFilter@1be02004, org.springframework.security.web.authentication.UsernamePasswordAuthenticationFilter@2dd9b119, org.springframework.security.web.authentication.ui.DefaultLoginPageGeneratingFilter@2d05f32b, org.springframework.security.web.authentication.ui.DefaultLogoutPageGeneratingFilter@7df2baf3, org.springframework.security.web.authentication.www.BasicAuthenticationFilter@4ea2cd08, org.springframework.security.web.savedrequest.RequestCacheAwareFilter@46df9944, org.springframework.security.web.servletapi.SecurityContextHolderAwareRequestFilter@7f7798c7, org.springframework.security.web.authentication.AnonymousAuthenticationFilter@2560e2c8, org.springframework.security.web.session.SessionManagementFilter@4502e456, org.springframework.security.web.access.ExceptionTranslationFilter@d49c78d, org.springframework.security.web.access.intercept.FilterSecurityInterceptor@44e934a8]
2020-10-28 15:54:05.227  INFO 24520 --- [    Test worker] o.s.b.t.m.w.SpringBootMockServletContext : Initializing Spring TestDispatcherServlet ''
2020-10-28 15:54:05.227  INFO 24520 --- [    Test worker] o.s.t.web.servlet.TestDispatcherServlet  : Initializing Servlet ''
2020-10-28 15:54:05.252  INFO 24520 --- [    Test worker] o.s.t.web.servlet.TestDispatcherServlet  : Completed initialization in 25 ms
2020-10-28 15:54:05.302  INFO 24520 --- [    Test worker] c.y.b.s.web.HelloControllerTest          : Started HelloControllerTest in 1.525 seconds (JVM running for 12.346)
]]></system-out>
  <system-err><![CDATA[]]></system-err>
</testsuite>
