<?xml version="1.0" encoding="UTF-8"?>
<testsuite name="com.yjh.book.springboot.web.ProfileControllerUnitTest" tests="3" skipped="0" failures="0" errors="0" timestamp="2020-10-29T14:13:23" hostname="LAPTOP-HQE9AN8G" time="0.192">
  <properties/>
  <testcase name="real_profile이_없으면_첫_번째가_조회된다" classname="com.yjh.book.springboot.web.ProfileControllerUnitTest" time="0.191"/>
  <testcase name="active_profile이_없으면_default가_조회된다" classname="com.yjh.book.springboot.web.ProfileControllerUnitTest" time="0.001"/>
  <testcase name="real_profile이_조회된다" classname="com.yjh.book.springboot.web.ProfileControllerUnitTest" time="0.0"/>
  <system-out><![CDATA[23:13:23.124 [Test worker] DEBUG org.springframework.mock.env.MockEnvironment - Activating profile 'oauth'
23:13:23.130 [Test worker] DEBUG org.springframework.mock.env.MockEnvironment - Activating profile 'real-db'
23:13:23.211 [Test worker] DEBUG org.springframework.mock.env.MockEnvironment - Activating profile 'real'
23:13:23.211 [Test worker] DEBUG org.springframework.mock.env.MockEnvironment - Activating profile 'oauth'
23:13:23.211 [Test worker] DEBUG org.springframework.mock.env.MockEnvironment - Activating profile 'real-db'
]]></system-out>
  <system-err><![CDATA[]]></system-err>
</testsuite>
