<?xml version="1.0" encoding="UTF-8"?>
<testsuite name="com.yoonjihwan.book.springboot.domain.posts.PostsRepositoryTest" tests="1" skipped="0" failures="0" errors="0" timestamp="2020-10-25T13:05:46" hostname="LAPTOP-HQE9AN8G" time="0.624">
  <properties/>
  <testcase name="BaseTimeEntity_등록" classname="com.yoonjihwan.book.springboot.domain.posts.PostsRepositoryTest" time="0.624"/>
  <system-out><![CDATA[22:05:40.584 [Test worker] DEBUG org.springframework.test.context.junit4.SpringJUnit4ClassRunner - SpringJUnit4ClassRunner constructor called with [class com.yoonjihwan.book.springboot.domain.posts.PostsRepositoryTest]
22:05:40.595 [Test worker] DEBUG org.springframework.test.context.BootstrapUtils - Instantiating CacheAwareContextLoaderDelegate from class [org.springframework.test.context.cache.DefaultCacheAwareContextLoaderDelegate]
22:05:40.610 [Test worker] DEBUG org.springframework.test.context.BootstrapUtils - Instantiating BootstrapContext using constructor [public org.springframework.test.context.support.DefaultBootstrapContext(java.lang.Class,org.springframework.test.context.CacheAwareContextLoaderDelegate)]
22:05:40.639 [Test worker] DEBUG org.springframework.test.context.BootstrapUtils - Instantiating TestContextBootstrapper for test class [com.yoonjihwan.book.springboot.domain.posts.PostsRepositoryTest] from class [org.springframework.boot.test.context.SpringBootTestContextBootstrapper]
22:05:40.657 [Test worker] INFO org.springframework.boot.test.context.SpringBootTestContextBootstrapper - Neither @ContextConfiguration nor @ContextHierarchy found for test class [com.yoonjihwan.book.springboot.domain.posts.PostsRepositoryTest], using SpringBootContextLoader
22:05:40.661 [Test worker] DEBUG org.springframework.test.context.support.AbstractContextLoader - Did not detect default resource location for test class [com.yoonjihwan.book.springboot.domain.posts.PostsRepositoryTest]: class path resource [com/yoonjihwan/book/springboot/domain/posts/PostsRepositoryTest-context.xml] does not exist
22:05:40.661 [Test worker] DEBUG org.springframework.test.context.support.AbstractContextLoader - Did not detect default resource location for test class [com.yoonjihwan.book.springboot.domain.posts.PostsRepositoryTest]: class path resource [com/yoonjihwan/book/springboot/domain/posts/PostsRepositoryTestContext.groovy] does not exist
22:05:40.662 [Test worker] INFO org.springframework.test.context.support.AbstractContextLoader - Could not detect default resource locations for test class [com.yoonjihwan.book.springboot.domain.posts.PostsRepositoryTest]: no resource found for suffixes {-context.xml, Context.groovy}.
22:05:40.663 [Test worker] INFO org.springframework.test.context.support.AnnotationConfigContextLoaderUtils - Could not detect default configuration classes for test class [com.yoonjihwan.book.springboot.domain.posts.PostsRepositoryTest]: PostsRepositoryTest does not declare any static, non-private, non-final, nested classes annotated with @Configuration.
22:05:40.717 [Test worker] DEBUG org.springframework.test.context.support.ActiveProfilesUtils - Could not find an 'annotation declaring class' for annotation type [org.springframework.test.context.ActiveProfiles] and class [com.yoonjihwan.book.springboot.domain.posts.PostsRepositoryTest]
22:05:40.816 [Test worker] DEBUG org.springframework.context.annotation.ClassPathScanningCandidateComponentProvider - Identified candidate component class: file [C:\Users\윤지환\OneDrive\바탕 화면\4학년 강의\2학기\실습\springboot-web\build\classes\java\main\com\yoonjihwan\book\springboot\Application.class]
22:05:40.817 [Test worker] INFO org.springframework.boot.test.context.SpringBootTestContextBootstrapper - Found @SpringBootConfiguration com.yoonjihwan.book.springboot.Application for test class com.yoonjihwan.book.springboot.domain.posts.PostsRepositoryTest
22:05:40.939 [Test worker] DEBUG org.springframework.boot.test.context.SpringBootTestContextBootstrapper - @TestExecutionListeners is not present for class [com.yoonjihwan.book.springboot.domain.posts.PostsRepositoryTest]: using defaults.
22:05:40.940 [Test worker] INFO org.springframework.boot.test.context.SpringBootTestContextBootstrapper - Loaded default TestExecutionListener class names from location [META-INF/spring.factories]: [org.springframework.boot.test.autoconfigure.restdocs.RestDocsTestExecutionListener, org.springframework.boot.test.autoconfigure.web.client.MockRestServiceServerResetTestExecutionListener, org.springframework.boot.test.autoconfigure.web.servlet.MockMvcPrintOnlyOnFailureTestExecutionListener, org.springframework.boot.test.autoconfigure.web.servlet.WebDriverTestExecutionListener, org.springframework.boot.test.mock.mockito.MockitoTestExecutionListener, org.springframework.boot.test.mock.mockito.ResetMocksTestExecutionListener, org.springframework.test.context.web.ServletTestExecutionListener, org.springframework.test.context.support.DirtiesContextBeforeModesTestExecutionListener, org.springframework.test.context.support.DependencyInjectionTestExecutionListener, org.springframework.test.context.support.DirtiesContextTestExecutionListener, org.springframework.test.context.transaction.TransactionalTestExecutionListener, org.springframework.test.context.jdbc.SqlScriptsTestExecutionListener]
22:05:40.966 [Test worker] INFO org.springframework.boot.test.context.SpringBootTestContextBootstrapper - Using TestExecutionListeners: [org.springframework.test.context.web.ServletTestExecutionListener@52193dd5, org.springframework.test.context.support.DirtiesContextBeforeModesTestExecutionListener@3d9c0973, org.springframework.boot.test.mock.mockito.MockitoTestExecutionListener@5cd37a24, org.springframework.boot.test.autoconfigure.SpringBootDependencyInjectionTestExecutionListener@78e29391, org.springframework.test.context.support.DirtiesContextTestExecutionListener@630efecd, org.springframework.test.context.transaction.TransactionalTestExecutionListener@3e04b44e, org.springframework.test.context.jdbc.SqlScriptsTestExecutionListener@79c1fbf0, org.springframework.boot.test.autoconfigure.restdocs.RestDocsTestExecutionListener@15d39142, org.springframework.boot.test.autoconfigure.web.client.MockRestServiceServerResetTestExecutionListener@13ffda3, org.springframework.boot.test.autoconfigure.web.servlet.MockMvcPrintOnlyOnFailureTestExecutionListener@1a029f0e, org.springframework.boot.test.autoconfigure.web.servlet.WebDriverTestExecutionListener@6c6ae9c5, org.springframework.boot.test.mock.mockito.ResetMocksTestExecutionListener@65ba2c8b]
22:05:40.970 [Test worker] DEBUG org.springframework.test.annotation.ProfileValueUtils - Retrieved @ProfileValueSourceConfiguration [null] for test class [com.yoonjihwan.book.springboot.domain.posts.PostsRepositoryTest]
22:05:40.971 [Test worker] DEBUG org.springframework.test.annotation.ProfileValueUtils - Retrieved ProfileValueSource type [class org.springframework.test.annotation.SystemProfileValueSource] for class [com.yoonjihwan.book.springboot.domain.posts.PostsRepositoryTest]
22:05:40.976 [Test worker] DEBUG org.springframework.test.annotation.ProfileValueUtils - Retrieved @ProfileValueSourceConfiguration [null] for test class [com.yoonjihwan.book.springboot.domain.posts.PostsRepositoryTest]
22:05:40.976 [Test worker] DEBUG org.springframework.test.annotation.ProfileValueUtils - Retrieved ProfileValueSource type [class org.springframework.test.annotation.SystemProfileValueSource] for class [com.yoonjihwan.book.springboot.domain.posts.PostsRepositoryTest]
22:05:40.977 [Test worker] DEBUG org.springframework.test.annotation.ProfileValueUtils - Retrieved @ProfileValueSourceConfiguration [null] for test class [com.yoonjihwan.book.springboot.domain.posts.PostsRepositoryTest]
22:05:40.977 [Test worker] DEBUG org.springframework.test.annotation.ProfileValueUtils - Retrieved ProfileValueSource type [class org.springframework.test.annotation.SystemProfileValueSource] for class [com.yoonjihwan.book.springboot.domain.posts.PostsRepositoryTest]
22:05:40.983 [Test worker] DEBUG org.springframework.test.context.support.AbstractDirtiesContextTestExecutionListener - Before test class: context [DefaultTestContext@6444ad76 testClass = PostsRepositoryTest, testInstance = [null], testMethod = [null], testException = [null], mergedContextConfiguration = [WebMergedContextConfiguration@1c6caa3b testClass = PostsRepositoryTest, locations = '{}', classes = '{class com.yoonjihwan.book.springboot.Application}', contextInitializerClasses = '[]', activeProfiles = '{}', propertySourceLocations = '{}', propertySourceProperties = '{org.springframework.boot.test.context.SpringBootTestContextBootstrapper=true}', contextCustomizers = set[org.springframework.boot.test.autoconfigure.properties.PropertyMappingContextCustomizer@0, org.springframework.boot.test.autoconfigure.web.servlet.WebDriverContextCustomizerFactory$Customizer@5fa2dfe3, org.springframework.boot.test.context.filter.ExcludeFilterContextCustomizer@652c8408, org.springframework.boot.test.json.DuplicateJsonObjectContextCustomizerFactory$DuplicateJsonObjectContextCustomizer@3ab91974, org.springframework.boot.test.mock.mockito.MockitoContextCustomizer@0, org.springframework.boot.test.web.client.TestRestTemplateContextCustomizer@53319dd1], resourceBasePath = 'src/main/webapp', contextLoader = 'org.springframework.boot.test.context.SpringBootContextLoader', parent = [null]], attributes = map['org.springframework.test.context.web.ServletTestExecutionListener.activateListener' -> true]], class annotated with @DirtiesContext [false] with mode [null].
22:05:40.984 [Test worker] DEBUG org.springframework.test.annotation.ProfileValueUtils - Retrieved @ProfileValueSourceConfiguration [null] for test class [com.yoonjihwan.book.springboot.domain.posts.PostsRepositoryTest]
22:05:40.984 [Test worker] DEBUG org.springframework.test.annotation.ProfileValueUtils - Retrieved ProfileValueSource type [class org.springframework.test.annotation.SystemProfileValueSource] for class [com.yoonjihwan.book.springboot.domain.posts.PostsRepositoryTest]
22:05:41.011 [Test worker] DEBUG org.springframework.test.context.support.TestPropertySourceUtils - Adding inlined properties to environment: {spring.jmx.enabled=false, org.springframework.boot.test.context.SpringBootTestContextBootstrapper=true, server.port=-1}

  .   ____          _            __ _ _
 /\\ / ___'_ __ _ _(_)_ __  __ _ \ \ \ \
( ( )\___ | '_ | '_| | '_ \/ _` | \ \ \ \
 \\/  ___)| |_)| | | | | || (_| |  ) ) ) )
  '  |____| .__|_| |_|_| |_\__, | / / / /
 =========|_|==============|___/=/_/_/_/
 :: Spring Boot ::        (v2.1.9.RELEASE)

2020-10-25 22:05:41.320  INFO 24256 --- [    Test worker] c.y.b.s.d.posts.PostsRepositoryTest      : Starting PostsRepositoryTest on LAPTOP-HQE9AN8G with PID 24256 (started by YoonJiHwan in C:\Users\윤지환\OneDrive\바탕 화면\4학년 강의\2학기\실습\springboot-web)
2020-10-25 22:05:41.321  INFO 24256 --- [    Test worker] c.y.b.s.d.posts.PostsRepositoryTest      : No active profile set, falling back to default profiles: default
2020-10-25 22:05:42.227  INFO 24256 --- [    Test worker] .s.d.r.c.RepositoryConfigurationDelegate : Bootstrapping Spring Data repositories in DEFAULT mode.
2020-10-25 22:05:42.323  INFO 24256 --- [    Test worker] .s.d.r.c.RepositoryConfigurationDelegate : Finished Spring Data repository scanning in 81ms. Found 1 repository interfaces.
2020-10-25 22:05:42.819  INFO 24256 --- [    Test worker] trationDelegate$BeanPostProcessorChecker : Bean 'org.springframework.transaction.annotation.ProxyTransactionManagementConfiguration' of type [org.springframework.transaction.annotation.ProxyTransactionManagementConfiguration$$EnhancerBySpringCGLIB$$c60f4c79] is not eligible for getting processed by all BeanPostProcessors (for example: not eligible for auto-proxying)
2020-10-25 22:05:43.083  INFO 24256 --- [    Test worker] com.zaxxer.hikari.HikariDataSource       : HikariPool-1 - Starting...
2020-10-25 22:05:43.374  INFO 24256 --- [    Test worker] com.zaxxer.hikari.HikariDataSource       : HikariPool-1 - Start completed.
2020-10-25 22:05:43.492  INFO 24256 --- [    Test worker] o.hibernate.jpa.internal.util.LogHelper  : HHH000204: Processing PersistenceUnitInfo [
	name: default
	...]
2020-10-25 22:05:43.594  INFO 24256 --- [    Test worker] org.hibernate.Version                    : HHH000412: Hibernate Core {5.3.12.Final}
2020-10-25 22:05:43.597  INFO 24256 --- [    Test worker] org.hibernate.cfg.Environment            : HHH000206: hibernate.properties not found
2020-10-25 22:05:43.829  INFO 24256 --- [    Test worker] o.hibernate.annotations.common.Version   : HCANN000001: Hibernate Commons Annotations {5.0.4.Final}
2020-10-25 22:05:44.073  INFO 24256 --- [    Test worker] org.hibernate.dialect.Dialect            : HHH000400: Using dialect: org.hibernate.dialect.MySQL5InnoDBDialect
Hibernate: drop table if exists posts
Hibernate: create table posts (id bigint not null auto_increment, created_date datetime, modified_date datetime, author varchar(255), content TEXT not null, title varchar(500) not null, primary key (id)) engine=InnoDB
2020-10-25 22:05:45.038  INFO 24256 --- [    Test worker] o.h.t.schema.internal.SchemaCreatorImpl  : HHH000476: Executing import script 'org.hibernate.tool.schema.internal.exec.ScriptSourceInputNonExistentImpl@1a41a49a'
2020-10-25 22:05:45.043  INFO 24256 --- [    Test worker] j.LocalContainerEntityManagerFactoryBean : Initialized JPA EntityManagerFactory for persistence unit 'default'
2020-10-25 22:05:46.296  INFO 24256 --- [    Test worker] o.s.s.concurrent.ThreadPoolTaskExecutor  : Initializing ExecutorService 'applicationTaskExecutor'
2020-10-25 22:05:46.383  WARN 24256 --- [    Test worker] aWebConfiguration$JpaWebMvcConfiguration : spring.jpa.open-in-view is enabled by default. Therefore, database queries may be performed during view rendering. Explicitly configure spring.jpa.open-in-view to disable this warning
2020-10-25 22:05:46.953  INFO 24256 --- [    Test worker] c.y.b.s.d.posts.PostsRepositoryTest      : Started PostsRepositoryTest in 5.93 seconds (JVM running for 7.737)
Hibernate: insert into posts (created_date, modified_date, author, content, title) values (?, ?, ?, ?, ?)
2020-10-25 22:05:47.393  INFO 24256 --- [    Test worker] o.h.h.i.QueryTranslatorFactoryInitiator  : HHH000397: Using ASTQueryTranslatorFactory
Hibernate: select posts0_.id as id1_0_, posts0_.created_date as created_2_0_, posts0_.modified_date as modified3_0_, posts0_.author as author4_0_, posts0_.content as content5_0_, posts0_.title as title6_0_ from posts posts0_
>>>>>>>>> createData = 2020-10-25T22:05:47.266, modifiedDate = 2020-10-25T22:05:47.266
Hibernate: select posts0_.id as id1_0_, posts0_.created_date as created_2_0_, posts0_.modified_date as modified3_0_, posts0_.author as author4_0_, posts0_.content as content5_0_, posts0_.title as title6_0_ from posts posts0_
Hibernate: delete from posts where id=?
]]></system-out>
  <system-err><![CDATA[]]></system-err>
</testsuite>
