<?xml version="1.0" encoding="UTF-8"?>
<testsuite name="com.yjh.book.springboot.web.IndexControllerTest" tests="1" skipped="0" failures="0" errors="0" timestamp="2020-10-28T06:54:08" hostname="LAPTOP-HQE9AN8G" time="0.212">
  <properties/>
  <testcase name="메인페이지_로딩" classname="com.yjh.book.springboot.web.IndexControllerTest" time="0.212"/>
  <system-out><![CDATA[2020-10-28 15:54:05.538  INFO 24520 --- [    Test worker] .b.t.c.SpringBootTestContextBootstrapper : Neither @ContextConfiguration nor @ContextHierarchy found for test class [com.yjh.book.springboot.web.IndexControllerTest], using SpringBootContextLoader
2020-10-28 15:54:05.539  INFO 24520 --- [    Test worker] o.s.t.c.support.AbstractContextLoader    : Could not detect default resource locations for test class [com.yjh.book.springboot.web.IndexControllerTest]: no resource found for suffixes {-context.xml, Context.groovy}.
2020-10-28 15:54:05.539  INFO 24520 --- [    Test worker] t.c.s.AnnotationConfigContextLoaderUtils : Could not detect default configuration classes for test class [com.yjh.book.springboot.web.IndexControllerTest]: IndexControllerTest does not declare any static, non-private, non-final, nested classes annotated with @Configuration.
2020-10-28 15:54:05.541  INFO 24520 --- [    Test worker] .b.t.c.SpringBootTestContextBootstrapper : Found @SpringBootConfiguration com.yjh.book.springboot.Application for test class com.yjh.book.springboot.web.IndexControllerTest
2020-10-28 15:54:05.542  INFO 24520 --- [    Test worker] .b.t.c.SpringBootTestContextBootstrapper : Loaded default TestExecutionListener class names from location [META-INF/spring.factories]: [org.springframework.security.test.context.support.WithSecurityContextTestExecutionListener, org.springframework.security.test.context.support.ReactorContextTestExecutionListener, org.springframework.boot.test.autoconfigure.restdocs.RestDocsTestExecutionListener, org.springframework.boot.test.autoconfigure.web.client.MockRestServiceServerResetTestExecutionListener, org.springframework.boot.test.autoconfigure.web.servlet.MockMvcPrintOnlyOnFailureTestExecutionListener, org.springframework.boot.test.autoconfigure.web.servlet.WebDriverTestExecutionListener, org.springframework.boot.test.mock.mockito.MockitoTestExecutionListener, org.springframework.boot.test.mock.mockito.ResetMocksTestExecutionListener, org.springframework.test.context.web.ServletTestExecutionListener, org.springframework.test.context.support.DirtiesContextBeforeModesTestExecutionListener, org.springframework.test.context.support.DependencyInjectionTestExecutionListener, org.springframework.test.context.support.DirtiesContextTestExecutionListener, org.springframework.test.context.transaction.TransactionalTestExecutionListener, org.springframework.test.context.jdbc.SqlScriptsTestExecutionListener]
2020-10-28 15:54:05.544  INFO 24520 --- [    Test worker] .b.t.c.SpringBootTestContextBootstrapper : Using TestExecutionListeners: [org.springframework.test.context.web.ServletTestExecutionListener@38cc7ddd, org.springframework.test.context.support.DirtiesContextBeforeModesTestExecutionListener@3cdcc823, org.springframework.boot.test.mock.mockito.MockitoTestExecutionListener@890ee25, org.springframework.boot.test.autoconfigure.SpringBootDependencyInjectionTestExecutionListener@520bd517, org.springframework.test.context.support.DirtiesContextTestExecutionListener@9f2681e, org.springframework.test.context.transaction.TransactionalTestExecutionListener@53b534d3, org.springframework.test.context.jdbc.SqlScriptsTestExecutionListener@5cdb1946, org.springframework.security.test.context.support.WithSecurityContextTestExecutionListener@5074cca7, org.springframework.security.test.context.support.ReactorContextTestExecutionListener@4adcfc2f, org.springframework.boot.test.autoconfigure.restdocs.RestDocsTestExecutionListener@30355a0b, org.springframework.boot.test.autoconfigure.web.client.MockRestServiceServerResetTestExecutionListener@34206462, org.springframework.boot.test.autoconfigure.web.servlet.MockMvcPrintOnlyOnFailureTestExecutionListener@424787b5, org.springframework.boot.test.autoconfigure.web.servlet.WebDriverTestExecutionListener@6f573656, org.springframework.boot.test.mock.mockito.ResetMocksTestExecutionListener@7528dcb5]

  .   ____          _            __ _ _
 /\\ / ___'_ __ _ _(_)_ __  __ _ \ \ \ \
( ( )\___ | '_ | '_| | '_ \/ _` | \ \ \ \
 \\/  ___)| |_)| | | | | || (_| |  ) ) ) )
  '  |____| .__|_| |_|_| |_\__, | / / / /
 =========|_|==============|___/=/_/_/_/
 :: Spring Boot ::        (v2.1.9.RELEASE)

2020-10-28 15:54:05.605  INFO 24520 --- [    Test worker] c.y.b.s.web.IndexControllerTest          : Starting IndexControllerTest on LAPTOP-HQE9AN8G with PID 24520 (started by YoonJiHwan in C:\Users\윤지환\OneDrive\바탕 화면\4학년 강의\2학기\실습\springboot-web)
2020-10-28 15:54:05.605  INFO 24520 --- [    Test worker] c.y.b.s.web.IndexControllerTest          : No active profile set, falling back to default profiles: default
2020-10-28 15:54:05.933  INFO 24520 --- [    Test worker] .s.d.r.c.RepositoryConfigurationDelegate : Bootstrapping Spring Data repositories in DEFAULT mode.
2020-10-28 15:54:05.975  INFO 24520 --- [    Test worker] .s.d.r.c.RepositoryConfigurationDelegate : Finished Spring Data repository scanning in 42ms. Found 2 repository interfaces.
2020-10-28 15:54:06.131  INFO 24520 --- [    Test worker] trationDelegate$BeanPostProcessorChecker : Bean 'org.springframework.transaction.annotation.ProxyTransactionManagementConfiguration' of type [org.springframework.transaction.annotation.ProxyTransactionManagementConfiguration$$EnhancerBySpringCGLIB$$1cb13e58] is not eligible for getting processed by all BeanPostProcessors (for example: not eligible for auto-proxying)
2020-10-28 15:54:06.527  INFO 24520 --- [    Test worker] o.s.b.w.embedded.tomcat.TomcatWebServer  : Tomcat initialized with port(s): 0 (http)
2020-10-28 15:54:06.573  INFO 24520 --- [    Test worker] o.apache.catalina.core.StandardService   : Starting service [Tomcat]
2020-10-28 15:54:06.574  INFO 24520 --- [    Test worker] org.apache.catalina.core.StandardEngine  : Starting Servlet engine: [Apache Tomcat/9.0.26]
2020-10-28 15:54:06.832  INFO 24520 --- [    Test worker] o.a.c.c.C.[Tomcat].[localhost].[/]       : Initializing Spring embedded WebApplicationContext
2020-10-28 15:54:06.833  INFO 24520 --- [    Test worker] o.s.web.context.ContextLoader            : Root WebApplicationContext: initialization completed in 1223 ms
2020-10-28 15:54:07.112  INFO 24520 --- [    Test worker] com.zaxxer.hikari.HikariDataSource       : HikariPool-2 - Starting...
2020-10-28 15:54:07.113  INFO 24520 --- [    Test worker] com.zaxxer.hikari.HikariDataSource       : HikariPool-2 - Start completed.
2020-10-28 15:54:07.185  INFO 24520 --- [    Test worker] o.hibernate.jpa.internal.util.LogHelper  : HHH000204: Processing PersistenceUnitInfo [
	name: default
	...]
2020-10-28 15:54:07.203  INFO 24520 --- [    Test worker] org.hibernate.dialect.Dialect            : HHH000400: Using dialect: org.hibernate.dialect.MySQL5InnoDBDialect
Hibernate: drop table if exists posts
Hibernate: drop table if exists user
Hibernate: create table posts (id bigint not null auto_increment, created_date datetime, modified_date datetime, author varchar(255), content TEXT not null, title varchar(500) not null, primary key (id)) engine=InnoDB
Hibernate: create table user (id bigint not null auto_increment, created_date datetime, modified_date datetime, email varchar(255) not null, name varchar(255) not null, picture varchar(255), role varchar(255) not null, primary key (id)) engine=InnoDB
2020-10-28 15:54:07.284  INFO 24520 --- [    Test worker] o.h.t.schema.internal.SchemaCreatorImpl  : HHH000476: Executing import script 'org.hibernate.tool.schema.internal.exec.ScriptSourceInputNonExistentImpl@77a7bc3d'
2020-10-28 15:54:07.284  INFO 24520 --- [    Test worker] j.LocalContainerEntityManagerFactoryBean : Initialized JPA EntityManagerFactory for persistence unit 'default'
2020-10-28 15:54:07.794  INFO 24520 --- [    Test worker] o.h.h.i.QueryTranslatorFactoryInitiator  : HHH000397: Using ASTQueryTranslatorFactory
2020-10-28 15:54:08.043  INFO 24520 --- [    Test worker] o.s.s.web.DefaultSecurityFilterChain     : Creating filter chain: any request, [org.springframework.security.web.context.request.async.WebAsyncManagerIntegrationFilter@58ca52c3, org.springframework.security.web.context.SecurityContextPersistenceFilter@2a4c2a2, org.springframework.security.web.header.HeaderWriterFilter@30303b2d, org.springframework.security.web.authentication.logout.LogoutFilter@6cd36c75, org.springframework.security.oauth2.client.web.OAuth2AuthorizationRequestRedirectFilter@28044205, org.springframework.security.oauth2.client.web.OAuth2LoginAuthenticationFilter@1569e0aa, org.springframework.security.web.authentication.ui.DefaultLoginPageGeneratingFilter@4846160d, org.springframework.security.web.authentication.ui.DefaultLogoutPageGeneratingFilter@70ca6e0f, org.springframework.security.web.savedrequest.RequestCacheAwareFilter@e6fcf00, org.springframework.security.web.servletapi.SecurityContextHolderAwareRequestFilter@3fb764b3, org.springframework.security.web.authentication.AnonymousAuthenticationFilter@7ad41e79, org.springframework.security.web.session.SessionManagementFilter@2a5bbbab, org.springframework.security.web.access.ExceptionTranslationFilter@1912aabc, org.springframework.security.web.access.intercept.FilterSecurityInterceptor@3a525f5a]
2020-10-28 15:54:08.338  INFO 24520 --- [    Test worker] o.s.s.concurrent.ThreadPoolTaskExecutor  : Initializing ExecutorService 'applicationTaskExecutor'
2020-10-28 15:54:08.355  WARN 24520 --- [    Test worker] aWebConfiguration$JpaWebMvcConfiguration : spring.jpa.open-in-view is enabled by default. Therefore, database queries may be performed during view rendering. Explicitly configure spring.jpa.open-in-view to disable this warning
2020-10-28 15:54:08.401  INFO 24520 --- [    Test worker] o.s.b.a.w.s.WelcomePageHandlerMapping    : Adding welcome page template: index
2020-10-28 15:54:08.784  INFO 24520 --- [    Test worker] s.a.ScheduledAnnotationBeanPostProcessor : No TaskScheduler/ScheduledExecutorService bean found for scheduled processing
2020-10-28 15:54:08.811  INFO 24520 --- [    Test worker] o.s.b.w.embedded.tomcat.TomcatWebServer  : Tomcat started on port(s): 61268 (http) with context path ''
2020-10-28 15:54:08.812  INFO 24520 --- [    Test worker] c.y.b.s.web.IndexControllerTest          : Started IndexControllerTest in 3.266 seconds (JVM running for 15.855)
2020-10-28 15:54:08.918  INFO 24520 --- [o-auto-1-exec-1] o.a.c.c.C.[Tomcat].[localhost].[/]       : Initializing Spring DispatcherServlet 'dispatcherServlet'
2020-10-28 15:54:08.918  INFO 24520 --- [o-auto-1-exec-1] o.s.web.servlet.DispatcherServlet        : Initializing Servlet 'dispatcherServlet'
2020-10-28 15:54:08.942  INFO 24520 --- [o-auto-1-exec-1] o.s.web.servlet.DispatcherServlet        : Completed initialization in 24 ms
Hibernate: select posts0_.id as id1_0_, posts0_.created_date as created_2_0_, posts0_.modified_date as modified3_0_, posts0_.author as author4_0_, posts0_.content as content5_0_, posts0_.title as title6_0_ from posts posts0_ order by posts0_.id DESC
]]></system-out>
  <system-err><![CDATA[]]></system-err>
</testsuite>
