<?xml version="1.0" encoding="UTF-8"?>
<testsuite name="com.yjh.book.springboot.web.HelloControllerTest" tests="2" skipped="0" failures="0" errors="0" timestamp="2020-10-27T06:53:09" hostname="LAPTOP-HQE9AN8G" time="0.495">
  <properties/>
  <testcase name="hello가_리턴된다" classname="com.yjh.book.springboot.web.HelloControllerTest" time="0.367"/>
  <testcase name="helloDto가_리턴된다" classname="com.yjh.book.springboot.web.HelloControllerTest" time="0.127"/>
  <system-out><![CDATA[15:53:05.877 [Test worker] DEBUG org.springframework.test.context.junit4.SpringJUnit4ClassRunner - SpringJUnit4ClassRunner constructor called with [class com.yjh.book.springboot.web.HelloControllerTest]
15:53:05.886 [Test worker] DEBUG org.springframework.test.context.BootstrapUtils - Instantiating CacheAwareContextLoaderDelegate from class [org.springframework.test.context.cache.DefaultCacheAwareContextLoaderDelegate]
15:53:05.897 [Test worker] DEBUG org.springframework.test.context.BootstrapUtils - Instantiating BootstrapContext using constructor [public org.springframework.test.context.support.DefaultBootstrapContext(java.lang.Class,org.springframework.test.context.CacheAwareContextLoaderDelegate)]
15:53:05.919 [Test worker] DEBUG org.springframework.test.context.BootstrapUtils - Instantiating TestContextBootstrapper for test class [com.yjh.book.springboot.web.HelloControllerTest] from class [org.springframework.boot.test.autoconfigure.web.servlet.WebMvcTestContextBootstrapper]
15:53:05.944 [Test worker] INFO org.springframework.boot.test.autoconfigure.web.servlet.WebMvcTestContextBootstrapper - Neither @ContextConfiguration nor @ContextHierarchy found for test class [com.yjh.book.springboot.web.HelloControllerTest], using SpringBootContextLoader
15:53:05.949 [Test worker] DEBUG org.springframework.test.context.support.AbstractContextLoader - Did not detect default resource location for test class [com.yjh.book.springboot.web.HelloControllerTest]: class path resource [com/yjh/book/springboot/web/HelloControllerTest-context.xml] does not exist
15:53:05.950 [Test worker] DEBUG org.springframework.test.context.support.AbstractContextLoader - Did not detect default resource location for test class [com.yjh.book.springboot.web.HelloControllerTest]: class path resource [com/yjh/book/springboot/web/HelloControllerTestContext.groovy] does not exist
15:53:05.950 [Test worker] INFO org.springframework.test.context.support.AbstractContextLoader - Could not detect default resource locations for test class [com.yjh.book.springboot.web.HelloControllerTest]: no resource found for suffixes {-context.xml, Context.groovy}.
15:53:05.951 [Test worker] INFO org.springframework.test.context.support.AnnotationConfigContextLoaderUtils - Could not detect default configuration classes for test class [com.yjh.book.springboot.web.HelloControllerTest]: HelloControllerTest does not declare any static, non-private, non-final, nested classes annotated with @Configuration.
15:53:06.038 [Test worker] DEBUG org.springframework.test.context.support.ActiveProfilesUtils - Could not find an 'annotation declaring class' for annotation type [org.springframework.test.context.ActiveProfiles] and class [com.yjh.book.springboot.web.HelloControllerTest]
15:53:06.140 [Test worker] DEBUG org.springframework.context.annotation.ClassPathScanningCandidateComponentProvider - Identified candidate component class: file [C:\Users\윤지환\OneDrive\바탕 화면\4학년 강의\2학기\실습\springboot-web\build\classes\java\main\com\yjh\book\springboot\Application.class]
15:53:06.141 [Test worker] INFO org.springframework.boot.test.context.SpringBootTestContextBootstrapper - Found @SpringBootConfiguration com.yjh.book.springboot.Application for test class com.yjh.book.springboot.web.HelloControllerTest
15:53:06.144 [Test worker] DEBUG org.springframework.boot.test.autoconfigure.web.servlet.WebMvcTestContextBootstrapper - @TestExecutionListeners is not present for class [com.yjh.book.springboot.web.HelloControllerTest]: using defaults.
15:53:06.145 [Test worker] INFO org.springframework.boot.test.autoconfigure.web.servlet.WebMvcTestContextBootstrapper - Loaded default TestExecutionListener class names from location [META-INF/spring.factories]: [org.springframework.security.test.context.support.WithSecurityContextTestExecutionListener, org.springframework.security.test.context.support.ReactorContextTestExecutionListener, org.springframework.boot.test.autoconfigure.restdocs.RestDocsTestExecutionListener, org.springframework.boot.test.autoconfigure.web.client.MockRestServiceServerResetTestExecutionListener, org.springframework.boot.test.autoconfigure.web.servlet.MockMvcPrintOnlyOnFailureTestExecutionListener, org.springframework.boot.test.autoconfigure.web.servlet.WebDriverTestExecutionListener, org.springframework.boot.test.mock.mockito.MockitoTestExecutionListener, org.springframework.boot.test.mock.mockito.ResetMocksTestExecutionListener, org.springframework.test.context.web.ServletTestExecutionListener, org.springframework.test.context.support.DirtiesContextBeforeModesTestExecutionListener, org.springframework.test.context.support.DependencyInjectionTestExecutionListener, org.springframework.test.context.support.DirtiesContextTestExecutionListener, org.springframework.test.context.transaction.TransactionalTestExecutionListener, org.springframework.test.context.jdbc.SqlScriptsTestExecutionListener]
15:53:06.180 [Test worker] INFO org.springframework.boot.test.autoconfigure.web.servlet.WebMvcTestContextBootstrapper - Using TestExecutionListeners: [org.springframework.test.context.web.ServletTestExecutionListener@cd10ff7, org.springframework.test.context.support.DirtiesContextBeforeModesTestExecutionListener@25b03286, org.springframework.boot.test.mock.mockito.MockitoTestExecutionListener@7fb9ff5b, org.springframework.boot.test.autoconfigure.SpringBootDependencyInjectionTestExecutionListener@1268266, org.springframework.test.context.support.DirtiesContextTestExecutionListener@50c9b02, org.springframework.test.context.transaction.TransactionalTestExecutionListener@218cad27, org.springframework.test.context.jdbc.SqlScriptsTestExecutionListener@117fcd6a, org.springframework.security.test.context.support.WithSecurityContextTestExecutionListener@247f5891, org.springframework.security.test.context.support.ReactorContextTestExecutionListener@454a1397, org.springframework.boot.test.autoconfigure.restdocs.RestDocsTestExecutionListener@1eb6b8c, org.springframework.boot.test.autoconfigure.web.client.MockRestServiceServerResetTestExecutionListener@6e90e246, org.springframework.boot.test.autoconfigure.web.servlet.MockMvcPrintOnlyOnFailureTestExecutionListener@307584d5, org.springframework.boot.test.autoconfigure.web.servlet.WebDriverTestExecutionListener@25b6ffe7, org.springframework.boot.test.mock.mockito.ResetMocksTestExecutionListener@7f5b47d6]
15:53:06.184 [Test worker] DEBUG org.springframework.test.annotation.ProfileValueUtils - Retrieved @ProfileValueSourceConfiguration [null] for test class [com.yjh.book.springboot.web.HelloControllerTest]
15:53:06.185 [Test worker] DEBUG org.springframework.test.annotation.ProfileValueUtils - Retrieved ProfileValueSource type [class org.springframework.test.annotation.SystemProfileValueSource] for class [com.yjh.book.springboot.web.HelloControllerTest]
15:53:06.186 [Test worker] DEBUG org.springframework.test.annotation.ProfileValueUtils - Retrieved @ProfileValueSourceConfiguration [null] for test class [com.yjh.book.springboot.web.HelloControllerTest]
15:53:06.186 [Test worker] DEBUG org.springframework.test.annotation.ProfileValueUtils - Retrieved ProfileValueSource type [class org.springframework.test.annotation.SystemProfileValueSource] for class [com.yjh.book.springboot.web.HelloControllerTest]
15:53:06.193 [Test worker] DEBUG org.springframework.test.context.support.AbstractDirtiesContextTestExecutionListener - Before test class: context [DefaultTestContext@52f8189a testClass = HelloControllerTest, testInstance = [null], testMethod = [null], testException = [null], mergedContextConfiguration = [WebMergedContextConfiguration@1e1c3e43 testClass = HelloControllerTest, locations = '{}', classes = '{class com.yjh.book.springboot.Application}', contextInitializerClasses = '[]', activeProfiles = '{}', propertySourceLocations = '{}', propertySourceProperties = '{org.springframework.boot.test.autoconfigure.web.servlet.WebMvcTestContextBootstrapper=true}', contextCustomizers = set[org.springframework.boot.test.autoconfigure.OverrideAutoConfigurationContextCustomizerFactory$DisableAutoConfigurationContextCustomizer@4a6c14c5, org.springframework.boot.test.autoconfigure.filter.TypeExcludeFiltersContextCustomizer@ca45722c, org.springframework.boot.test.autoconfigure.properties.PropertyMappingContextCustomizer@f4dbc4c8, org.springframework.boot.test.autoconfigure.web.servlet.WebDriverContextCustomizerFactory$Customizer@5a56d402, [ImportsContextCustomizer@70907c2d key = [org.springframework.boot.autoconfigure.cache.CacheAutoConfiguration, org.springframework.boot.autoconfigure.context.MessageSourceAutoConfiguration, org.springframework.boot.autoconfigure.data.web.SpringDataWebAutoConfiguration, org.springframework.boot.autoconfigure.freemarker.FreeMarkerAutoConfiguration, org.springframework.boot.autoconfigure.groovy.template.GroovyTemplateAutoConfiguration, org.springframework.boot.autoconfigure.gson.GsonAutoConfiguration, org.springframework.boot.autoconfigure.hateoas.HypermediaAutoConfiguration, org.springframework.boot.autoconfigure.http.HttpMessageConvertersAutoConfiguration, org.springframework.boot.autoconfigure.jackson.JacksonAutoConfiguration, org.springframework.boot.autoconfigure.jsonb.JsonbAutoConfiguration, org.springframework.boot.autoconfigure.mustache.MustacheAutoConfiguration, org.springframework.boot.autoconfigure.task.TaskExecutionAutoConfiguration, org.springframework.boot.autoconfigure.thymeleaf.ThymeleafAutoConfiguration, org.springframework.boot.autoconfigure.validation.ValidationAutoConfiguration, org.springframework.boot.autoconfigure.web.servlet.error.ErrorMvcAutoConfiguration, org.springframework.boot.autoconfigure.web.servlet.WebMvcAutoConfiguration, org.springframework.boot.test.autoconfigure.web.servlet.MockMvcAutoConfiguration, org.springframework.boot.test.autoconfigure.web.servlet.MockMvcSecurityAutoConfiguration, org.springframework.boot.test.autoconfigure.web.servlet.MockMvcWebClientAutoConfiguration, org.springframework.boot.test.autoconfigure.web.servlet.MockMvcWebDriverAutoConfiguration]], org.springframework.boot.test.context.filter.ExcludeFilterContextCustomizer@39d57175, org.springframework.boot.test.json.DuplicateJsonObjectContextCustomizerFactory$DuplicateJsonObjectContextCustomizer@548074a0, org.springframework.boot.test.mock.mockito.MockitoContextCustomizer@0], resourceBasePath = 'src/main/webapp', contextLoader = 'org.springframework.boot.test.context.SpringBootContextLoader', parent = [null]], attributes = map[[empty]]], class annotated with @DirtiesContext [false] with mode [null].
15:53:06.194 [Test worker] DEBUG org.springframework.test.annotation.ProfileValueUtils - Retrieved @ProfileValueSourceConfiguration [null] for test class [com.yjh.book.springboot.web.HelloControllerTest]
15:53:06.194 [Test worker] DEBUG org.springframework.test.annotation.ProfileValueUtils - Retrieved ProfileValueSource type [class org.springframework.test.annotation.SystemProfileValueSource] for class [com.yjh.book.springboot.web.HelloControllerTest]
15:53:06.202 [Test worker] DEBUG org.springframework.test.context.support.DependencyInjectionTestExecutionListener - Performing dependency injection for test context [[DefaultTestContext@52f8189a testClass = HelloControllerTest, testInstance = com.yjh.book.springboot.web.HelloControllerTest@52bc33a2, testMethod = [null], testException = [null], mergedContextConfiguration = [WebMergedContextConfiguration@1e1c3e43 testClass = HelloControllerTest, locations = '{}', classes = '{class com.yjh.book.springboot.Application}', contextInitializerClasses = '[]', activeProfiles = '{}', propertySourceLocations = '{}', propertySourceProperties = '{org.springframework.boot.test.autoconfigure.web.servlet.WebMvcTestContextBootstrapper=true}', contextCustomizers = set[org.springframework.boot.test.autoconfigure.OverrideAutoConfigurationContextCustomizerFactory$DisableAutoConfigurationContextCustomizer@4a6c14c5, org.springframework.boot.test.autoconfigure.filter.TypeExcludeFiltersContextCustomizer@ca45722c, org.springframework.boot.test.autoconfigure.properties.PropertyMappingContextCustomizer@f4dbc4c8, org.springframework.boot.test.autoconfigure.web.servlet.WebDriverContextCustomizerFactory$Customizer@5a56d402, [ImportsContextCustomizer@70907c2d key = [org.springframework.boot.autoconfigure.cache.CacheAutoConfiguration, org.springframework.boot.autoconfigure.context.MessageSourceAutoConfiguration, org.springframework.boot.autoconfigure.data.web.SpringDataWebAutoConfiguration, org.springframework.boot.autoconfigure.freemarker.FreeMarkerAutoConfiguration, org.springframework.boot.autoconfigure.groovy.template.GroovyTemplateAutoConfiguration, org.springframework.boot.autoconfigure.gson.GsonAutoConfiguration, org.springframework.boot.autoconfigure.hateoas.HypermediaAutoConfiguration, org.springframework.boot.autoconfigure.http.HttpMessageConvertersAutoConfiguration, org.springframework.boot.autoconfigure.jackson.JacksonAutoConfiguration, org.springframework.boot.autoconfigure.jsonb.JsonbAutoConfiguration, org.springframework.boot.autoconfigure.mustache.MustacheAutoConfiguration, org.springframework.boot.autoconfigure.task.TaskExecutionAutoConfiguration, org.springframework.boot.autoconfigure.thymeleaf.ThymeleafAutoConfiguration, org.springframework.boot.autoconfigure.validation.ValidationAutoConfiguration, org.springframework.boot.autoconfigure.web.servlet.error.ErrorMvcAutoConfiguration, org.springframework.boot.autoconfigure.web.servlet.WebMvcAutoConfiguration, org.springframework.boot.test.autoconfigure.web.servlet.MockMvcAutoConfiguration, org.springframework.boot.test.autoconfigure.web.servlet.MockMvcSecurityAutoConfiguration, org.springframework.boot.test.autoconfigure.web.servlet.MockMvcWebClientAutoConfiguration, org.springframework.boot.test.autoconfigure.web.servlet.MockMvcWebDriverAutoConfiguration]], org.springframework.boot.test.context.filter.ExcludeFilterContextCustomizer@39d57175, org.springframework.boot.test.json.DuplicateJsonObjectContextCustomizerFactory$DuplicateJsonObjectContextCustomizer@548074a0, org.springframework.boot.test.mock.mockito.MockitoContextCustomizer@0], resourceBasePath = 'src/main/webapp', contextLoader = 'org.springframework.boot.test.context.SpringBootContextLoader', parent = [null]], attributes = map[[empty]]]].
15:53:06.373 [Test worker] DEBUG org.springframework.test.context.support.TestPropertySourceUtils - Adding inlined properties to environment: {spring.jmx.enabled=false, org.springframework.boot.test.autoconfigure.web.servlet.WebMvcTestContextBootstrapper=true, server.port=-1}

  .   ____          _            __ _ _
 /\\ / ___'_ __ _ _(_)_ __  __ _ \ \ \ \
( ( )\___ | '_ | '_| | '_ \/ _` | \ \ \ \
 \\/  ___)| |_)| | | | | || (_| |  ) ) ) )
  '  |____| .__|_| |_|_| |_\__, | / / / /
 =========|_|==============|___/=/_/_/_/
 :: Spring Boot ::        (v2.1.9.RELEASE)

2020-10-27 15:53:06.775  INFO 15180 --- [    Test worker] c.y.b.s.web.HelloControllerTest          : Starting HelloControllerTest on LAPTOP-HQE9AN8G with PID 15180 (started by YoonJiHwan in C:\Users\윤지환\OneDrive\바탕 화면\4학년 강의\2학기\실습\springboot-web)
2020-10-27 15:53:06.778  INFO 15180 --- [    Test worker] c.y.b.s.web.HelloControllerTest          : No active profile set, falling back to default profiles: default
2020-10-27 15:53:08.556  INFO 15180 --- [    Test worker] o.s.s.concurrent.ThreadPoolTaskExecutor  : Initializing ExecutorService 'applicationTaskExecutor'
2020-10-27 15:53:08.690  INFO 15180 --- [    Test worker] o.s.b.a.w.s.WelcomePageHandlerMapping    : Adding welcome page template: index
2020-10-27 15:53:09.248  INFO 15180 --- [    Test worker] .s.s.UserDetailsServiceAutoConfiguration : 

Using generated security password: 04f71d4b-5979-4db5-873b-a754ab5174f3

2020-10-27 15:53:09.576  INFO 15180 --- [    Test worker] o.s.s.web.DefaultSecurityFilterChain     : Creating filter chain: any request, [org.springframework.security.web.context.request.async.WebAsyncManagerIntegrationFilter@122b7137, org.springframework.security.web.context.SecurityContextPersistenceFilter@3f0ee06, org.springframework.security.web.header.HeaderWriterFilter@52444714, org.springframework.security.web.csrf.CsrfFilter@47b1a415, org.springframework.security.web.authentication.logout.LogoutFilter@af95e79, org.springframework.security.web.authentication.UsernamePasswordAuthenticationFilter@7fa0b2ed, org.springframework.security.web.authentication.ui.DefaultLoginPageGeneratingFilter@64ec539b, org.springframework.security.web.authentication.ui.DefaultLogoutPageGeneratingFilter@56e53bbd, org.springframework.security.web.authentication.www.BasicAuthenticationFilter@25c2f91f, org.springframework.security.web.savedrequest.RequestCacheAwareFilter@26cf074, org.springframework.security.web.servletapi.SecurityContextHolderAwareRequestFilter@3ecb5e9c, org.springframework.security.web.authentication.AnonymousAuthenticationFilter@1f810282, org.springframework.security.web.session.SessionManagementFilter@3958d277, org.springframework.security.web.access.ExceptionTranslationFilter@2adb2b8d, org.springframework.security.web.access.intercept.FilterSecurityInterceptor@135b2fb5]
2020-10-27 15:53:09.648  INFO 15180 --- [    Test worker] o.s.b.t.m.w.SpringBootMockServletContext : Initializing Spring TestDispatcherServlet ''
2020-10-27 15:53:09.649  INFO 15180 --- [    Test worker] o.s.t.web.servlet.TestDispatcherServlet  : Initializing Servlet ''
2020-10-27 15:53:09.674  INFO 15180 --- [    Test worker] o.s.t.web.servlet.TestDispatcherServlet  : Completed initialization in 25 ms
2020-10-27 15:53:09.751  INFO 15180 --- [    Test worker] c.y.b.s.web.HelloControllerTest          : Started HelloControllerTest in 3.365 seconds (JVM running for 5.291)
]]></system-out>
  <system-err><![CDATA[]]></system-err>
</testsuite>
